EDA Netlist Writer report for Proj_semaforo
Wed Sep 30 18:10:25 2020
Quartus II 32-bit Version 13.0.1 Build 232 06/12/2013 Service Pack 1 SJ Full Version


---------------------
; Table of Contents ;
---------------------
  1. Legal Notice
  2. EDA Netlist Writer Summary
  3. EDA Netlist Writer Messages



----------------
; Legal Notice ;
----------------
Copyright (C) 1991-2013 Altera Corporation
Your use of Altera Corporation's design tools, logic functions 
and other software and tools, and its AMPP partner logic 
functions, and any output files from any of the foregoing 
(including device programming or simulation files), and any 
associated documentation or information are expressly subject 
to the terms and conditions of the Altera Program License 
Subscription Agreement, Altera MegaCore Function License 
Agreement, or other applicable license agreement, including, 
without limitation, that your use is for the sole purpose of 
programming logic devices manufactured by Altera and sold by 
Altera or its authorized distributors.  Please refer to the 
applicable agreement for further details.



+-------------------------------------------------------------------+
; EDA Netlist Writer Summary                                        ;
+---------------------------+---------------------------------------+
; EDA Netlist Writer Status ; Successful - Wed Sep 30 18:10:25 2020 ;
; Revision Name             ; Proj_semaforo                         ;
; Top-level Entity Name     ; Proj_semaforo                         ;
; Family                    ; Cyclone IV E                          ;
+---------------------------+---------------------------------------+


+-----------------------------+
; EDA Netlist Writer Messages ;
+-----------------------------+
Info: *******************************************************************
Info: Running Quartus II 32-bit EDA Netlist Writer
    Info: Version 13.0.1 Build 232 06/12/2013 Service Pack 1 SJ Full Version
    Info: Processing started: Wed Sep 30 18:10:20 2020
Info: Command: quartus_eda --read_settings_files=on --write_settings_files=off Proj_semaforo -c Proj_semaforo --gen_testbench
Info (119006): Selected device EP4CE30F23C7 for design "Proj_semaforo"
Info (201002): Generated VHDL Test Bench File /home/aluno/pasta_remota/DLP_20_1/Projeto/simulation/modelsim/Proj_semaforo.vht for simulation
Info: Quartus II 32-bit EDA Netlist Writer was successful. 0 errors, 0 warnings
    Info: Peak virtual memory: 321 megabytes
    Info: Processing ended: Wed Sep 30 18:10:26 2020
    Info: Elapsed time: 00:00:06
    Info: Total CPU time (on all processors): 00:00:02


